<?xml version="1.0" encoding="UTF-8"?>
<testng-results ignored="0" total="5" passed="4" failed="1" skipped="0">
  <reporter-output>
  </reporter-output>
  <suite started-at="2023-01-16T20:33:54 IST" name="Default suite" finished-at="2023-01-16T20:34:35 IST" duration-ms="40900">
    <groups>
      <group name="mainTest">
        <method signature="BookAnAppointment_test.LogINTestRunner1()[pri:0, instance:Test_Runner.BookAnAppointment_test@3f6b0be5]" name="LogINTestRunner1" class="Test_Runner.BookAnAppointment_test"/>
      </group> <!-- mainTest -->
      <group name="appointmentTest2">
        <method signature="BookAnAppointment_test.appointmentTest1()[pri:0, instance:Test_Runner.BookAnAppointment_test@3f6b0be5]" name="appointmentTest1" class="Test_Runner.BookAnAppointment_test"/>
        <method signature="BookAnAppointment_test.appointmentTest2()[pri:0, instance:Test_Runner.BookAnAppointment_test@3f6b0be5]" name="appointmentTest2" class="Test_Runner.BookAnAppointment_test"/>
      </group> <!-- appointmentTest2 -->
      <group name="appointmentTest3">
        <method signature="BookAnAppointment_test.appointmentTest3()[pri:0, instance:Test_Runner.BookAnAppointment_test@3f6b0be5]" name="appointmentTest3" class="Test_Runner.BookAnAppointment_test"/>
      </group> <!-- appointmentTest3 -->
    </groups>
    <test started-at="2023-01-16T20:33:54 IST" name="BookAnAppointment_test" finished-at="2023-01-16T20:34:24 IST" duration-ms="30158">
      <class name="Test_Runner.BookAnAppointment_test">
        <test-method signature="LogINTestRunner1()[pri:0, instance:Test_Runner.BookAnAppointment_test@3f6b0be5]" started-at="2023-01-16T20:33:54 IST" name="LogINTestRunner1" finished-at="2023-01-16T20:34:02 IST" duration-ms="7792" status="PASS">
          <reporter-output>
          </reporter-output>
        </test-method> <!-- LogINTestRunner1 -->
        <test-method signature="appointmentTest1()[pri:0, instance:Test_Runner.BookAnAppointment_test@3f6b0be5]" started-at="2023-01-16T20:34:02 IST" name="appointmentTest1" finished-at="2023-01-16T20:34:08 IST" duration-ms="5856" status="PASS">
          <reporter-output>
          </reporter-output>
        </test-method> <!-- appointmentTest1 -->
        <test-method signature="appointmentTest2()[pri:0, instance:Test_Runner.BookAnAppointment_test@3f6b0be5]" started-at="2023-01-16T20:34:08 IST" name="appointmentTest2" finished-at="2023-01-16T20:34:19 IST" duration-ms="11440" status="PASS">
          <reporter-output>
          </reporter-output>
        </test-method> <!-- appointmentTest2 -->
        <test-method signature="appointmentTest3()[pri:0, instance:Test_Runner.BookAnAppointment_test@3f6b0be5]" started-at="2023-01-16T20:34:19 IST" name="appointmentTest3" finished-at="2023-01-16T20:34:24 IST" duration-ms="5012" status="FAIL">
          <exception class="org.openqa.selenium.NoSuchSessionException">
            <message>
              <![CDATA[Session ID is null. Using WebDriver after calling quit()?
Build info: version: '4.0.0', revision: '3a21814679'
System info: host: 'LAPTOP-DIJISBJ8', ip: '192.168.0.111', os.name: 'Windows 11', os.arch: 'amd64', os.version: '10.0', java.version: '17.0.4'
Driver info: org.openqa.selenium.chrome.ChromeDriver
Command: [null, findElement {using=xpath, value=//*[@id='combo_facility']}]
Capabilities {acceptInsecureCerts: false, browserName: chrome, browserVersion: 108.0.5359.126, chrome: {chromedriverVersion: 108.0.5359.71 (1e0e3868ee06..., userDataDir: C:\Users\giris\AppData\Loca...}, goog:chromeOptions: {debuggerAddress: localhost:57999}, javascriptEnabled: true, networkConnectionEnabled: false, pageLoadStrategy: normal, platform: WINDOWS, platformName: WINDOWS, proxy: Proxy(), se:cdp: ws://localhost:57999/devtoo..., se:cdpVersion: 108.0.5359.126, setWindowRect: true, strictFileInteractability: false, timeouts: {implicit: 0, pageLoad: 300000, script: 30000}, unhandledPromptBehavior: dismiss and notify, webauthn:extension:credBlob: true, webauthn:extension:largeBlob: true, webauthn:virtualAuthenticators: true}]]>
            </message>
            <full-stacktrace>
              <![CDATA[org.openqa.selenium.NoSuchSessionException: Session ID is null. Using WebDriver after calling quit()?
Build info: version: '4.0.0', revision: '3a21814679'
System info: host: 'LAPTOP-DIJISBJ8', ip: '192.168.0.111', os.name: 'Windows 11', os.arch: 'amd64', os.version: '10.0', java.version: '17.0.4'
Driver info: org.openqa.selenium.chrome.ChromeDriver
Command: [null, findElement {using=xpath, value=//*[@id='combo_facility']}]
Capabilities {acceptInsecureCerts: false, browserName: chrome, browserVersion: 108.0.5359.126, chrome: {chromedriverVersion: 108.0.5359.71 (1e0e3868ee06..., userDataDir: C:\Users\giris\AppData\Loca...}, goog:chromeOptions: {debuggerAddress: localhost:57999}, javascriptEnabled: true, networkConnectionEnabled: false, pageLoadStrategy: normal, platform: WINDOWS, platformName: WINDOWS, proxy: Proxy(), se:cdp: ws://localhost:57999/devtoo..., se:cdpVersion: 108.0.5359.126, setWindowRect: true, strictFileInteractability: false, timeouts: {implicit: 0, pageLoad: 300000, script: 30000}, unhandledPromptBehavior: dismiss and notify, webauthn:extension:credBlob: true, webauthn:extension:largeBlob: true, webauthn:virtualAuthenticators: true}
at org.openqa.selenium.remote.HttpCommandExecutor.execute(HttpCommandExecutor.java:145)
at org.openqa.selenium.remote.service.DriverCommandExecutor.invokeExecute(DriverCommandExecutor.java:164)
at org.openqa.selenium.remote.service.DriverCommandExecutor.execute(DriverCommandExecutor.java:139)
at org.openqa.selenium.remote.RemoteWebDriver.execute(RemoteWebDriver.java:559)
at org.openqa.selenium.remote.ElementLocation$ElementFinder$2.findElement(ElementLocation.java:162)
at org.openqa.selenium.remote.ElementLocation.findElement(ElementLocation.java:60)
at org.openqa.selenium.remote.RemoteWebDriver.findElement(RemoteWebDriver.java:383)
at org.openqa.selenium.remote.RemoteWebDriver.findElement(RemoteWebDriver.java:375)
at Page_Objects.MakeAppointmentPage.combo_facilityDropdown(MakeAppointmentPage.java:28)
at Test_Runner.BookAnAppointment_test.appointmentTest3(BookAnAppointment_test.java:80)
at java.base/jdk.internal.reflect.NativeMethodAccessorImpl.invoke0(Native Method)
at java.base/jdk.internal.reflect.NativeMethodAccessorImpl.invoke(NativeMethodAccessorImpl.java:77)
at java.base/jdk.internal.reflect.DelegatingMethodAccessorImpl.invoke(DelegatingMethodAccessorImpl.java:43)
at java.base/java.lang.reflect.Method.invoke(Method.java:568)
at org.testng.internal.MethodInvocationHelper.invokeMethod(MethodInvocationHelper.java:133)
at org.testng.internal.TestInvoker.invokeMethod(TestInvoker.java:598)
at org.testng.internal.TestInvoker.invokeTestMethod(TestInvoker.java:173)
at org.testng.internal.MethodRunner.runInSequence(MethodRunner.java:46)
at org.testng.internal.TestInvoker$MethodInvocationAgent.invoke(TestInvoker.java:824)
at org.testng.internal.TestInvoker.invokeTestMethods(TestInvoker.java:146)
at org.testng.internal.TestMethodWorker.invokeTestMethods(TestMethodWorker.java:146)
at org.testng.internal.TestMethodWorker.run(TestMethodWorker.java:128)
at java.base/java.util.ArrayList.forEach(ArrayList.java:1511)
at org.testng.TestRunner.privateRun(TestRunner.java:794)
at org.testng.TestRunner.run(TestRunner.java:596)
at org.testng.SuiteRunner.runTest(SuiteRunner.java:377)
at org.testng.SuiteRunner.runSequentially(SuiteRunner.java:371)
at org.testng.SuiteRunner.privateRun(SuiteRunner.java:332)
at org.testng.SuiteRunner.run(SuiteRunner.java:276)
at org.testng.SuiteRunnerWorker.runSuite(SuiteRunnerWorker.java:53)
at org.testng.SuiteRunnerWorker.run(SuiteRunnerWorker.java:96)
at org.testng.TestNG.runSuitesSequentially(TestNG.java:1212)
at org.testng.TestNG.runSuitesLocally(TestNG.java:1134)
at org.testng.TestNG.runSuites(TestNG.java:1063)
at org.testng.TestNG.run(TestNG.java:1031)
at org.testng.remote.AbstractRemoteTestNG.run(AbstractRemoteTestNG.java:115)
at org.testng.remote.RemoteTestNG.initAndRun(RemoteTestNG.java:251)
at org.testng.remote.RemoteTestNG.main(RemoteTestNG.java:77)
]]>
            </full-stacktrace>
          </exception> <!-- org.openqa.selenium.NoSuchSessionException -->
          <reporter-output>
          </reporter-output>
        </test-method> <!-- appointmentTest3 -->
      </class> <!-- Test_Runner.BookAnAppointment_test -->
    </test> <!-- BookAnAppointment_test -->
    <test started-at="2023-01-16T20:34:24 IST" name="LogInTest_TestNG_Runner" finished-at="2023-01-16T20:34:35 IST" duration-ms="10721">
      <class name="Test_Runner.LogInTest_TestNG_Runner">
        <test-method signature="LogINTestRunner2()[pri:0, instance:Test_Runner.LogInTest_TestNG_Runner@3f6f6701]" started-at="2023-01-16T20:34:24 IST" name="LogINTestRunner2" finished-at="2023-01-16T20:34:35 IST" duration-ms="10718" status="PASS">
          <reporter-output>
          </reporter-output>
        </test-method> <!-- LogINTestRunner2 -->
      </class> <!-- Test_Runner.LogInTest_TestNG_Runner -->
    </test> <!-- LogInTest_TestNG_Runner -->
  </suite> <!-- Default suite -->
</testng-results>
